2025-04-30T15:39:11.924Z - OPTIONS /auth/login
2025-04-30T15:39:11.928Z - POST /auth/login
2025-04-30T15:41:34.691Z - OPTIONS /auth/login
2025-04-30T15:41:34.697Z - POST /auth/login
2025-04-30T15:42:56.716Z - POST /auth/login
2025-04-30T15:47:25.373Z - OPTIONS /auth/login
2025-04-30T15:47:25.382Z - POST /auth/login
2025-04-30T15:47:41.361Z - OPTIONS /auth/login
2025-04-30T15:47:41.365Z - POST /auth/login
2025-04-30T18:15:44.357Z - OPTIONS /auth/login
2025-04-30T18:15:44.370Z - POST /auth/login
2025-04-30T18:18:05.868Z - OPTIONS /auth/me
2025-04-30T18:18:05.884Z - OPTIONS /auth/me
2025-04-30T18:18:05.886Z - GET /auth/me
2025-04-30T18:18:05.889Z - GET /auth/me
2025-04-30T18:23:03.379Z - OPTIONS /auth/login
2025-04-30T18:23:03.385Z - POST /auth/login
2025-04-30T18:23:14.664Z - OPTIONS /auth/me
2025-04-30T18:23:14.670Z - OPTIONS /auth/me
2025-04-30T18:23:14.680Z - GET /auth/me
2025-04-30T18:23:14.688Z - GET /auth/me
2025-04-30T18:24:30.884Z - OPTIONS /auth/login
2025-04-30T18:24:30.891Z - POST /auth/login
2025-04-30T18:26:10.442Z - OPTIONS /auth/login
2025-04-30T18:26:10.450Z - POST /auth/login
2025-04-30T18:27:45.785Z - OPTIONS /auth/login
2025-04-30T18:27:45.793Z - POST /auth/login
2025-04-30T18:28:34.330Z - OPTIONS /auth/me
2025-04-30T18:28:34.340Z - OPTIONS /auth/me
2025-04-30T18:28:34.350Z - GET /auth/me
2025-04-30T18:28:34.359Z - GET /auth/me
2025-04-30T18:28:39.308Z - OPTIONS /auth/login
2025-04-30T18:28:39.311Z - POST /auth/login
2025-04-30T18:28:39.443Z - OPTIONS /horarios
2025-04-30T18:28:39.444Z - OPTIONS /horarios
2025-04-30T18:28:39.449Z - GET /horarios
2025-04-30T18:28:39.464Z - GET /horarios
2025-04-30T18:32:27.917Z - OPTIONS /horarios
2025-04-30T18:32:27.928Z - OPTIONS /auth/me
2025-04-30T18:32:27.930Z - OPTIONS /horarios
2025-04-30T18:32:27.932Z - OPTIONS /auth/me
2025-04-30T18:32:27.935Z - GET /horarios
2025-04-30T18:32:27.956Z - GET /auth/me
2025-04-30T18:32:27.968Z - GET /auth/me
2025-04-30T18:32:27.971Z - GET /horarios
2025-04-30T18:32:37.354Z - OPTIONS /auth/login
2025-04-30T18:32:37.357Z - POST /auth/login
2025-04-30T18:32:37.485Z - OPTIONS /horarios
2025-04-30T18:32:37.497Z - OPTIONS /horarios
2025-04-30T18:32:37.500Z - GET /horarios
2025-04-30T18:32:37.511Z - GET /horarios
2025-04-30T18:33:13.640Z - OPTIONS /auth/login
2025-04-30T18:33:13.643Z - POST /auth/login
2025-04-30T18:34:20.271Z - OPTIONS /auth/login
2025-04-30T18:34:20.274Z - POST /auth/login
2025-04-30T18:34:20.370Z - OPTIONS /horarios
2025-04-30T18:34:20.378Z - OPTIONS /horarios
2025-04-30T18:34:20.380Z - GET /horarios
2025-04-30T18:34:20.387Z - GET /horarios
2025-04-30T18:35:41.070Z - OPTIONS /horarios
2025-04-30T18:35:41.081Z - OPTIONS /auth/me
2025-04-30T18:35:41.083Z - OPTIONS /horarios
2025-04-30T18:35:41.085Z - OPTIONS /auth/me
2025-04-30T18:35:41.087Z - GET /horarios
2025-04-30T18:35:41.106Z - GET /auth/me
2025-04-30T18:35:41.118Z - GET /auth/me
2025-04-30T18:35:41.120Z - GET /horarios
2025-04-30T18:36:31.096Z - OPTIONS /horarios
2025-04-30T18:36:31.099Z - GET /horarios
2025-04-30T18:36:31.105Z - GET /horarios
2025-04-30T18:36:33.057Z - GET /horarios
2025-04-30T18:36:33.060Z - GET /horarios
2025-04-30T18:36:42.116Z - OPTIONS /auth/login
2025-04-30T18:36:42.119Z - POST /auth/login
2025-04-30T18:36:42.233Z - OPTIONS /horarios
2025-04-30T18:36:42.235Z - OPTIONS /horarios
2025-04-30T18:36:42.238Z - GET /horarios
2025-04-30T18:36:42.245Z - GET /horarios
2025-04-30T18:36:43.698Z - OPTIONS /horarios/68126d75a4e79f8dc3f5390d
2025-04-30T18:36:43.700Z - DELETE /horarios/68126d75a4e79f8dc3f5390d
2025-04-30T18:37:42.871Z - OPTIONS /horarios
2025-04-30T18:37:42.876Z - GET /horarios
2025-04-30T18:43:25.187Z - OPTIONS /horarios
2025-04-30T18:43:25.207Z - OPTIONS /auth/me
2025-04-30T18:43:25.210Z - OPTIONS /horarios
2025-04-30T18:43:25.212Z - OPTIONS /auth/me
2025-04-30T18:43:25.215Z - GET /horarios
2025-04-30T18:43:25.232Z - GET /auth/me
2025-04-30T18:43:25.238Z - GET /auth/me
2025-04-30T18:43:25.241Z - GET /horarios
2025-04-30T18:44:15.411Z - OPTIONS /horarios
2025-04-30T18:44:15.442Z - OPTIONS /horarios
2025-04-30T18:44:15.466Z - GET /horarios
2025-04-30T18:44:15.520Z - GET /horarios
2025-04-30T18:44:32.056Z - OPTIONS /horarios
2025-04-30T18:44:32.063Z - GET /horarios
2025-04-30T18:44:32.068Z - OPTIONS /horarios
2025-04-30T18:44:32.070Z - GET /horarios
2025-04-30T18:44:33.876Z - GET /docentes
2025-04-30T18:44:33.891Z - GET /docentes
2025-04-30T18:45:43.468Z - OPTIONS /docentes
2025-04-30T18:45:43.470Z - POST /docentes
2025-04-30T18:45:56.508Z - OPTIONS /docentes
2025-04-30T18:45:56.510Z - POST /docentes
2025-04-30T18:45:58.563Z - POST /docentes
2025-04-30T18:46:06.093Z - OPTIONS /horarios
2025-04-30T18:46:06.095Z - OPTIONS /horarios
2025-04-30T18:46:06.098Z - GET /horarios
2025-04-30T18:46:06.101Z - GET /horarios
2025-04-30T18:46:10.080Z - GET /docentes
2025-04-30T18:46:10.086Z - GET /docentes
2025-04-30T18:46:26.266Z - OPTIONS /auth/login
2025-04-30T18:46:26.268Z - POST /auth/login
2025-04-30T18:46:26.375Z - OPTIONS /horarios
2025-04-30T18:46:26.377Z - OPTIONS /horarios
2025-04-30T18:46:26.379Z - GET /horarios
2025-04-30T18:46:26.387Z - GET /horarios
2025-04-30T18:46:34.777Z - GET /docentes
2025-04-30T18:46:34.783Z - GET /docentes
2025-04-30T18:46:38.251Z - GET /docentes
2025-04-30T18:46:38.255Z - GET /docentes
2025-04-30T18:46:39.891Z - GET /docentes
2025-04-30T18:46:39.894Z - GET /docentes
2025-04-30T18:46:40.211Z - OPTIONS /horarios
2025-04-30T18:46:40.216Z - OPTIONS /horarios
2025-04-30T18:46:40.217Z - GET /horarios
2025-04-30T18:46:40.223Z - GET /horarios
2025-04-30T18:46:41.926Z - GET /docentes
2025-04-30T18:46:41.929Z - GET /docentes
2025-04-30T18:46:48.953Z - OPTIONS /auth/login
2025-04-30T18:46:48.955Z - POST /auth/login
2025-04-30T18:46:49.044Z - OPTIONS /horarios
2025-04-30T18:46:49.047Z - OPTIONS /horarios
2025-04-30T18:46:49.049Z - GET /horarios
2025-04-30T18:46:49.055Z - GET /horarios
2025-04-30T18:46:54.295Z - GET /docentes
2025-04-30T18:46:54.300Z - GET /docentes
2025-04-30T18:46:57.663Z - OPTIONS /horarios
2025-04-30T18:46:57.665Z - OPTIONS /horarios
2025-04-30T18:46:57.667Z - GET /horarios
2025-04-30T18:46:57.674Z - GET /horarios
2025-04-30T18:47:58.142Z - OPTIONS /auth/login
2025-04-30T18:47:58.147Z - POST /auth/login
2025-04-30T18:47:58.277Z - OPTIONS /horarios
2025-04-30T18:47:58.279Z - OPTIONS /horarios
2025-04-30T18:47:58.283Z - GET /horarios
2025-04-30T18:47:58.293Z - GET /horarios
2025-04-30T19:01:18.458Z - OPTIONS /auth/login
2025-04-30T19:01:18.465Z - POST /auth/login
2025-04-30T19:01:18.631Z - OPTIONS /horarios
2025-04-30T19:01:18.636Z - OPTIONS /horarios
2025-04-30T19:01:18.641Z - GET /horarios
2025-04-30T19:01:18.654Z - GET /horarios
2025-04-30T19:01:22.764Z - GET /docentes
2025-04-30T19:01:22.771Z - GET /docentes
2025-04-30T19:01:33.486Z - OPTIONS /docentes
2025-04-30T19:01:33.489Z - POST /docentes
2025-04-30T19:03:02.720Z - OPTIONS /docentes
2025-04-30T19:03:02.725Z - POST /docentes
2025-04-30T19:03:06.659Z - OPTIONS /auth/me
2025-04-30T19:03:06.666Z - OPTIONS /auth/me
2025-04-30T19:03:06.675Z - GET /auth/me
2025-04-30T19:03:06.686Z - GET /auth/me
2025-04-30T19:03:22.636Z - OPTIONS /auth/login
2025-04-30T19:03:22.639Z - POST /auth/login
2025-04-30T19:03:22.762Z - OPTIONS /horarios
2025-04-30T19:03:22.779Z - OPTIONS /horarios
2025-04-30T19:03:22.781Z - GET /horarios
2025-04-30T19:03:22.793Z - GET /horarios
2025-04-30T19:03:24.665Z - GET /docentes
2025-04-30T19:03:24.672Z - GET /docentes
2025-04-30T19:03:31.469Z - OPTIONS /docentes
2025-04-30T19:03:31.471Z - POST /docentes
2025-04-30T19:03:37.041Z - OPTIONS /horarios
2025-04-30T19:03:37.043Z - OPTIONS /horarios
2025-04-30T19:03:37.046Z - GET /horarios
2025-04-30T19:03:37.053Z - GET /horarios
2025-04-30T19:05:26.465Z - GET /docentes
2025-04-30T19:05:26.489Z - GET /docentes
2025-04-30T19:05:36.710Z - OPTIONS /docentes
2025-04-30T19:05:36.713Z - POST /docentes
2025-04-30T19:05:38.482Z - OPTIONS /horarios
2025-04-30T19:05:38.485Z - OPTIONS /horarios
2025-04-30T19:05:38.487Z - GET /horarios
2025-04-30T19:05:38.496Z - GET /horarios
2025-04-30T19:05:41.532Z - GET /horarios
2025-04-30T19:05:41.539Z - GET /docentes
2025-04-30T19:05:41.546Z - OPTIONS /auth/me
2025-04-30T19:05:41.557Z - OPTIONS /auth/me
2025-04-30T19:05:41.561Z - GET /auth/me
2025-04-30T19:05:41.563Z - GET /horarios
2025-04-30T19:05:41.571Z - GET /docentes
2025-04-30T19:05:41.590Z - GET /auth/me
2025-04-30T19:05:48.370Z - OPTIONS /horarios
2025-04-30T19:05:48.372Z - OPTIONS /docentes
2025-04-30T19:05:48.373Z - OPTIONS /horarios
2025-04-30T19:05:48.375Z - OPTIONS /docentes
2025-04-30T19:05:48.378Z - GET /horarios
2025-04-30T19:05:48.382Z - GET /docentes
2025-04-30T19:05:48.389Z - GET /horarios
2025-04-30T19:05:48.395Z - GET /docentes
2025-04-30T19:06:32.683Z - OPTIONS /auth/login
2025-04-30T19:06:32.686Z - POST /auth/login
2025-04-30T19:06:32.799Z - OPTIONS /horarios
2025-04-30T19:06:32.805Z - OPTIONS /docentes
2025-04-30T19:06:32.808Z - OPTIONS /horarios
2025-04-30T19:06:32.811Z - OPTIONS /docentes
2025-04-30T19:06:32.813Z - GET /horarios
2025-04-30T19:06:32.816Z - GET /docentes
2025-04-30T19:06:32.821Z - GET /horarios
2025-04-30T19:06:32.824Z - GET /docentes
2025-04-30T19:06:39.890Z - GET /docentes
2025-04-30T19:06:39.896Z - GET /docentes
2025-04-30T19:06:41.497Z - OPTIONS /horarios
2025-04-30T19:06:41.501Z - OPTIONS /docentes
2025-04-30T19:06:41.503Z - OPTIONS /horarios
2025-04-30T19:06:41.505Z - OPTIONS /docentes
2025-04-30T19:06:41.507Z - GET /horarios
2025-04-30T19:06:41.512Z - GET /docentes
2025-04-30T19:06:41.520Z - GET /horarios
2025-04-30T19:06:41.523Z - GET /docentes
2025-04-30T19:06:49.500Z - GET /docentes
2025-04-30T19:06:49.506Z - GET /docentes
2025-04-30T19:07:04.790Z - OPTIONS /docentes
2025-04-30T19:07:04.792Z - POST /docentes
2025-04-30T19:07:08.249Z - OPTIONS /horarios
2025-04-30T19:07:08.253Z - GET /docentes
2025-04-30T19:07:08.255Z - OPTIONS /horarios
2025-04-30T19:07:08.260Z - GET /horarios
2025-04-30T19:07:08.264Z - GET /docentes
2025-04-30T19:07:08.269Z - GET /horarios
2025-04-30T19:07:40.194Z - GET /docentes
2025-04-30T19:07:40.199Z - GET /docentes
2025-04-30T19:07:47.736Z - OPTIONS /horarios
2025-04-30T19:07:47.738Z - OPTIONS /docentes
2025-04-30T19:07:47.740Z - OPTIONS /horarios
2025-04-30T19:07:47.742Z - OPTIONS /docentes
2025-04-30T19:07:47.746Z - GET /horarios
2025-04-30T19:07:47.750Z - GET /docentes
2025-04-30T19:07:47.754Z - GET /horarios
2025-04-30T19:07:47.757Z - GET /docentes
2025-04-30T19:07:57.130Z - GET /docentes
2025-04-30T19:07:57.136Z - GET /docentes
2025-04-30T19:08:29.441Z - OPTIONS /auth/me
2025-04-30T19:08:29.451Z - OPTIONS /auth/me
2025-04-30T19:08:29.459Z - GET /auth/me
2025-04-30T19:08:29.475Z - GET /auth/me
2025-04-30T19:08:41.285Z - OPTIONS /auth/login
2025-04-30T19:08:41.288Z - POST /auth/login
2025-04-30T19:08:41.409Z - OPTIONS /horarios
2025-04-30T19:08:41.413Z - OPTIONS /docentes
2025-04-30T19:08:41.415Z - OPTIONS /horarios
2025-04-30T19:08:41.418Z - OPTIONS /docentes
2025-04-30T19:08:41.420Z - GET /horarios
2025-04-30T19:08:41.426Z - GET /docentes
2025-04-30T19:08:41.435Z - GET /horarios
2025-04-30T19:08:41.439Z - GET /docentes
2025-04-30T19:08:42.713Z - GET /docentes
2025-04-30T19:08:42.720Z - GET /docentes
2025-04-30T19:09:14.630Z - OPTIONS /auth/me
2025-04-30T19:09:14.639Z - OPTIONS /auth/me
2025-04-30T19:09:14.644Z - GET /auth/me
2025-04-30T19:09:14.653Z - GET /auth/me
2025-04-30T19:09:24.384Z - OPTIONS /auth/login
2025-04-30T19:09:24.387Z - POST /auth/login
2025-04-30T19:09:24.506Z - OPTIONS /horarios
2025-04-30T19:09:24.509Z - OPTIONS /docentes
2025-04-30T19:09:24.511Z - OPTIONS /horarios
2025-04-30T19:09:24.514Z - OPTIONS /docentes
2025-04-30T19:09:24.517Z - GET /horarios
2025-04-30T19:09:24.523Z - GET /docentes
2025-04-30T19:09:24.533Z - GET /horarios
2025-04-30T19:09:24.538Z - GET /docentes
2025-04-30T19:09:26.184Z - GET /docentes
2025-04-30T19:09:26.189Z - GET /docentes
2025-04-30T19:13:00.807Z - OPTIONS /auth/me
2025-04-30T19:13:00.814Z - OPTIONS /auth/me
2025-04-30T19:13:00.817Z - GET /auth/me
2025-04-30T19:13:00.823Z - GET /auth/me
2025-04-30T19:13:13.016Z - OPTIONS /auth/login
2025-04-30T19:13:13.018Z - POST /auth/login
2025-04-30T19:13:13.139Z - OPTIONS /horarios
2025-04-30T19:13:13.142Z - OPTIONS /docentes
2025-04-30T19:13:13.144Z - OPTIONS /horarios
2025-04-30T19:13:13.148Z - OPTIONS /docentes
2025-04-30T19:13:13.151Z - GET /horarios
2025-04-30T19:13:13.156Z - GET /docentes
2025-04-30T19:13:13.165Z - GET /horarios
2025-04-30T19:13:13.170Z - GET /docentes
2025-04-30T19:13:14.406Z - GET /docentes
2025-04-30T19:13:14.413Z - GET /docentes
2025-04-30T19:13:49.774Z - OPTIONS /docentes
2025-04-30T19:13:49.776Z - POST /docentes
2025-04-30T19:17:33.838Z - OPTIONS /auth/me
2025-04-30T19:17:33.845Z - OPTIONS /auth/me
2025-04-30T19:17:33.852Z - GET /auth/me
2025-04-30T19:17:33.860Z - GET /auth/me
2025-04-30T19:17:45.135Z - OPTIONS /auth/login
2025-04-30T19:17:45.137Z - POST /auth/login
2025-04-30T19:17:45.261Z - OPTIONS /horarios
2025-04-30T19:17:45.264Z - OPTIONS /docentes
2025-04-30T19:17:45.266Z - OPTIONS /horarios
2025-04-30T19:17:45.268Z - OPTIONS /docentes
2025-04-30T19:17:45.271Z - GET /docentes
2025-04-30T19:17:45.274Z - GET /horarios
2025-04-30T19:17:45.287Z - GET /docentes
2025-04-30T19:17:45.290Z - GET /horarios
2025-04-30T19:17:47.792Z - GET /docentes
2025-04-30T19:17:47.798Z - GET /docentes
2025-04-30T19:18:09.470Z - OPTIONS /docentes
2025-04-30T19:18:09.473Z - POST /docentes
2025-04-30T19:19:00.614Z - OPTIONS /auth/me
2025-04-30T19:19:00.623Z - OPTIONS /auth/me
2025-04-30T19:19:00.635Z - GET /auth/me
2025-04-30T19:19:00.641Z - GET /auth/me
2025-04-30T19:19:21.195Z - OPTIONS /auth/login
2025-04-30T19:19:21.198Z - POST /auth/login
2025-04-30T19:19:21.318Z - OPTIONS /horarios
2025-04-30T19:19:21.322Z - OPTIONS /docentes
2025-04-30T19:19:21.325Z - OPTIONS /horarios
2025-04-30T19:19:21.328Z - OPTIONS /docentes
2025-04-30T19:19:21.330Z - GET /horarios
2025-04-30T19:19:21.336Z - GET /docentes
2025-04-30T19:19:21.346Z - GET /horarios
2025-04-30T19:19:21.353Z - GET /docentes
2025-04-30T19:19:22.552Z - GET /docentes
2025-04-30T19:19:22.557Z - GET /docentes
2025-04-30T19:19:37.479Z - OPTIONS /docentes
2025-04-30T19:19:37.481Z - POST /docentes
2025-04-30T19:20:12.373Z - OPTIONS /auth/me
2025-04-30T19:20:12.376Z - OPTIONS /auth/me
2025-04-30T19:20:12.378Z - GET /auth/me
2025-04-30T19:20:12.381Z - GET /auth/me
2025-04-30T19:21:33.665Z - GET /docentes
2025-04-30T19:21:33.701Z - GET /docentes
2025-04-30T19:21:38.200Z - GET /docentes
2025-04-30T19:21:38.208Z - GET /docentes
2025-04-30T19:21:38.757Z - OPTIONS /horarios
2025-04-30T19:21:38.760Z - OPTIONS /docentes
2025-04-30T19:21:38.762Z - OPTIONS /horarios
2025-04-30T19:21:38.764Z - OPTIONS /docentes
2025-04-30T19:21:38.767Z - GET /horarios
2025-04-30T19:21:38.772Z - GET /docentes
2025-04-30T19:21:38.775Z - GET /horarios
2025-04-30T19:21:38.780Z - GET /docentes
2025-04-30T19:21:40.210Z - GET /horarios
2025-04-30T19:21:40.212Z - GET /docentes
2025-04-30T19:21:40.215Z - GET /horarios
2025-04-30T19:21:40.223Z - GET /docentes
2025-05-01T14:43:25.330Z - OPTIONS /auth/login
2025-05-01T14:43:25.361Z - POST /auth/login
2025-05-01T14:43:25.593Z - OPTIONS /horarios
2025-05-01T14:43:25.596Z - OPTIONS /docentes
2025-05-01T14:43:25.599Z - OPTIONS /horarios
2025-05-01T14:43:25.601Z - OPTIONS /docentes
2025-05-01T14:43:25.604Z - GET /horarios
2025-05-01T14:43:25.610Z - GET /docentes
2025-05-01T14:43:25.661Z - GET /horarios
2025-05-01T14:43:25.677Z - GET /docentes
2025-05-01T14:43:27.333Z - GET /docentes
2025-05-01T14:43:27.339Z - GET /docentes
2025-05-01T14:46:33.416Z - GET /docentes
2025-05-01T14:46:33.430Z - OPTIONS /auth/me
2025-05-01T14:46:33.434Z - OPTIONS /auth/me
2025-05-01T14:46:33.443Z - GET /auth/me
2025-05-01T14:46:33.448Z - GET /docentes
2025-05-01T14:46:33.451Z - GET /auth/me
2025-05-01T14:46:42.978Z - OPTIONS /auth/login
2025-05-01T14:46:42.981Z - POST /auth/login
2025-05-01T14:46:43.097Z - OPTIONS /horarios
2025-05-01T14:46:43.101Z - OPTIONS /docentes
2025-05-01T14:46:43.103Z - OPTIONS /horarios
2025-05-01T14:46:43.104Z - OPTIONS /docentes
2025-05-01T14:46:43.107Z - GET /horarios
2025-05-01T14:46:43.112Z - GET /docentes
2025-05-01T14:46:43.117Z - GET /horarios
2025-05-01T14:46:43.121Z - GET /docentes
2025-05-01T14:46:44.454Z - GET /docentes
2025-05-01T14:46:44.460Z - GET /docentes
2025-05-01T14:46:55.469Z - OPTIONS /docentes
2025-05-01T14:46:55.471Z - POST /docentes
2025-05-01T14:47:03.321Z - OPTIONS /horarios
2025-05-01T14:47:03.323Z - OPTIONS /docentes
2025-05-01T14:47:03.324Z - OPTIONS /horarios
2025-05-01T14:47:03.326Z - OPTIONS /docentes
2025-05-01T14:47:03.328Z - GET /horarios
2025-05-01T14:47:03.332Z - GET /docentes
2025-05-01T14:47:03.338Z - GET /horarios
2025-05-01T14:47:03.342Z - GET /docentes
2025-05-01T14:48:23.779Z - OPTIONS /horarios
2025-05-01T14:48:23.787Z - OPTIONS /docentes
2025-05-01T14:48:23.789Z - GET /horarios
2025-05-01T14:48:23.802Z - GET /docentes
2025-05-01T14:48:33.930Z - OPTIONS /horarios
2025-05-01T14:48:33.941Z - OPTIONS /docentes
2025-05-01T14:48:33.944Z - OPTIONS /auth/me
2025-05-01T14:48:33.946Z - OPTIONS /horarios
2025-05-01T14:48:33.948Z - OPTIONS /docentes
2025-05-01T14:48:33.950Z - OPTIONS /auth/me
2025-05-01T14:48:33.951Z - GET /horarios
2025-05-01T14:48:33.968Z - GET /docentes
2025-05-01T14:48:33.973Z - GET /auth/me
2025-05-01T14:48:33.989Z - GET /horarios
2025-05-01T14:48:33.994Z - GET /auth/me
2025-05-01T14:48:33.995Z - GET /docentes
2025-05-01T14:48:47.532Z - OPTIONS /auth/login
2025-05-01T14:48:47.535Z - POST /auth/login
2025-05-01T14:48:47.645Z - OPTIONS /horarios
2025-05-01T14:48:47.650Z - OPTIONS /docentes
2025-05-01T14:48:47.651Z - OPTIONS /horarios
2025-05-01T14:48:47.652Z - OPTIONS /docentes
2025-05-01T14:48:47.654Z - GET /horarios
2025-05-01T14:48:47.658Z - GET /docentes
2025-05-01T14:48:47.664Z - GET /horarios
2025-05-01T14:48:47.668Z - GET /docentes
2025-05-01T14:48:50.365Z - GET /docentes
2025-05-01T14:48:50.373Z - GET /docentes
2025-05-01T14:48:56.481Z - OPTIONS /horarios
2025-05-01T14:48:56.482Z - OPTIONS /docentes
2025-05-01T14:48:56.483Z - OPTIONS /horarios
2025-05-01T14:48:56.484Z - OPTIONS /docentes
2025-05-01T14:48:56.485Z - GET /horarios
2025-05-01T14:48:56.489Z - GET /docentes
2025-05-01T14:48:56.494Z - GET /horarios
2025-05-01T14:48:56.498Z - GET /docentes
2025-05-01T14:51:30.290Z - OPTIONS /horarios
2025-05-01T14:51:30.296Z - OPTIONS /docentes
2025-05-01T14:51:30.302Z - OPTIONS /auth/me
2025-05-01T14:51:30.304Z - OPTIONS /horarios
2025-05-01T14:51:30.305Z - OPTIONS /docentes
2025-05-01T14:51:30.306Z - OPTIONS /auth/me
2025-05-01T14:51:30.309Z - GET /horarios
2025-05-01T14:51:30.326Z - GET /docentes
2025-05-01T14:51:30.329Z - GET /auth/me
2025-05-01T14:51:30.349Z - GET /auth/me
2025-05-01T14:51:30.351Z - GET /horarios
2025-05-01T14:51:30.355Z - GET /docentes
2025-05-01T14:51:39.481Z - OPTIONS /auth/login
2025-05-01T14:51:39.485Z - POST /auth/login
2025-05-01T14:51:39.597Z - OPTIONS /horarios
2025-05-01T14:51:39.602Z - OPTIONS /docentes
2025-05-01T14:51:39.604Z - OPTIONS /horarios
2025-05-01T14:51:39.605Z - OPTIONS /docentes
2025-05-01T14:51:39.607Z - GET /horarios
2025-05-01T14:51:39.610Z - GET /docentes
2025-05-01T14:51:39.616Z - GET /horarios
2025-05-01T14:51:39.619Z - GET /docentes
2025-05-01T14:51:52.745Z - GET /docentes
2025-05-01T14:51:52.753Z - GET /docentes
2025-05-01T14:52:33.030Z - OPTIONS /docentes
2025-05-01T14:52:33.032Z - POST /docentes
2025-05-01T14:52:45.723Z - OPTIONS /docentes
2025-05-01T14:52:45.726Z - POST /docentes
2025-05-01T14:52:46.888Z - OPTIONS /horarios
2025-05-01T14:52:46.892Z - OPTIONS /horarios
2025-05-01T14:52:46.893Z - GET /docentes
2025-05-01T14:52:46.896Z - GET /horarios
2025-05-01T14:52:46.906Z - GET /docentes
2025-05-01T14:52:46.908Z - GET /horarios
2025-05-01T14:52:55.135Z - GET /docentes
2025-05-01T14:52:55.143Z - GET /docentes
2025-05-01T14:53:12.611Z - OPTIONS /docentes
2025-05-01T14:53:12.613Z - POST /docentes
2025-05-01T14:53:14.964Z - OPTIONS /horarios
2025-05-01T14:53:14.972Z - OPTIONS /horarios
2025-05-01T14:53:14.973Z - GET /docentes
2025-05-01T14:53:14.975Z - GET /horarios
2025-05-01T14:53:14.985Z - GET /docentes
2025-05-01T14:53:14.987Z - GET /horarios
2025-05-01T14:53:22.160Z - GET /docentes
2025-05-01T14:53:22.167Z - GET /docentes
2025-05-01T14:54:13.123Z - GET /docentes
2025-05-01T14:54:13.130Z - OPTIONS /auth/me
2025-05-01T14:54:13.136Z - OPTIONS /auth/me
2025-05-01T14:54:13.137Z - GET /docentes
2025-05-01T14:54:13.142Z - GET /auth/me
2025-05-01T14:54:13.147Z - GET /auth/me
2025-05-01T14:59:22.631Z - GET /docentes
2025-05-01T14:59:22.653Z - GET /docentes
2025-05-01T14:59:29.398Z - OPTIONS /auth/login
2025-05-01T14:59:29.401Z - POST /auth/login
2025-05-01T14:59:29.517Z - OPTIONS /horarios
2025-05-01T14:59:29.520Z - OPTIONS /docentes
2025-05-01T14:59:29.523Z - OPTIONS /horarios
2025-05-01T14:59:29.525Z - OPTIONS /docentes
2025-05-01T14:59:29.527Z - GET /horarios
2025-05-01T14:59:29.533Z - GET /docentes
2025-05-01T14:59:29.538Z - GET /horarios
2025-05-01T14:59:29.542Z - GET /docentes
2025-05-01T14:59:33.762Z - GET /docentes
2025-05-01T14:59:33.766Z - GET /docentes
2025-05-01T15:00:17.180Z - OPTIONS /docentes
2025-05-01T15:00:17.182Z - POST /docentes
2025-05-01T15:00:20.605Z - OPTIONS /horarios
2025-05-01T15:00:20.611Z - OPTIONS /horarios
2025-05-01T15:00:20.612Z - GET /docentes
2025-05-01T15:00:20.615Z - GET /horarios
2025-05-01T15:00:20.623Z - GET /docentes
2025-05-01T15:00:20.625Z - GET /horarios
2025-05-01T15:02:12.900Z - OPTIONS /auth/me
2025-05-01T15:02:12.909Z - OPTIONS /auth/me
2025-05-01T15:02:12.911Z - GET /auth/me
2025-05-01T15:02:12.918Z - GET /auth/me
2025-05-01T15:02:23.607Z - OPTIONS /auth/login
2025-05-01T15:02:23.610Z - POST /auth/login
2025-05-01T15:02:23.733Z - OPTIONS /horarios
2025-05-01T15:02:23.737Z - OPTIONS /docentes
2025-05-01T15:02:23.739Z - OPTIONS /horarios
2025-05-01T15:02:23.742Z - OPTIONS /docentes
2025-05-01T15:02:23.744Z - GET /horarios
2025-05-01T15:02:23.750Z - GET /docentes
2025-05-01T15:02:23.761Z - GET /horarios
2025-05-01T15:02:23.765Z - GET /docentes
2025-05-01T15:02:26.434Z - GET /docentes
2025-05-01T15:02:26.438Z - GET /docentes
2025-05-01T15:02:56.342Z - OPTIONS /docentes
2025-05-01T15:02:56.344Z - POST /docentes
2025-05-01T15:03:07.797Z - OPTIONS /horarios
2025-05-01T15:03:07.803Z - OPTIONS /docentes
2025-05-01T15:03:07.804Z - OPTIONS /horarios
2025-05-01T15:03:07.807Z - OPTIONS /docentes
2025-05-01T15:03:07.808Z - GET /horarios
2025-05-01T15:03:07.813Z - GET /docentes
2025-05-01T15:03:07.821Z - GET /horarios
2025-05-01T15:03:07.826Z - GET /docentes
2025-05-01T15:05:12.274Z - OPTIONS /horarios
2025-05-01T15:05:12.286Z - OPTIONS /docentes
2025-05-01T15:05:12.292Z - OPTIONS /auth/me
2025-05-01T15:05:12.294Z - OPTIONS /horarios
2025-05-01T15:05:12.297Z - OPTIONS /docentes
2025-05-01T15:05:12.299Z - OPTIONS /auth/me
2025-05-01T15:05:12.301Z - GET /horarios
2025-05-01T15:05:12.323Z - GET /docentes
2025-05-01T15:05:12.327Z - GET /auth/me
2025-05-01T15:05:12.351Z - GET /horarios
2025-05-01T15:05:12.357Z - GET /docentes
2025-05-01T15:05:12.360Z - GET /auth/me
2025-05-01T15:05:17.453Z - OPTIONS /auth/me
2025-05-01T15:05:17.457Z - OPTIONS /auth/me
2025-05-01T15:05:17.461Z - GET /auth/me
2025-05-01T15:05:17.475Z - GET /auth/me
2025-05-01T15:05:25.307Z - OPTIONS /auth/login
2025-05-01T15:05:25.310Z - POST /auth/login
2025-05-01T15:05:25.440Z - OPTIONS /horarios
2025-05-01T15:05:25.445Z - OPTIONS /docentes
2025-05-01T15:05:25.447Z - OPTIONS /horarios
2025-05-01T15:05:25.450Z - OPTIONS /docentes
2025-05-01T15:05:25.451Z - GET /horarios
2025-05-01T15:05:25.454Z - GET /docentes
2025-05-01T15:05:25.461Z - GET /horarios
2025-05-01T15:05:25.464Z - GET /docentes
2025-05-01T15:20:27.714Z - GET /docentes
2025-05-01T15:20:27.723Z - GET /docentes
2025-05-01T15:21:13.095Z - GET /docentes
2025-05-01T15:21:13.110Z - OPTIONS /auth/me
2025-05-01T15:21:13.121Z - OPTIONS /auth/me
2025-05-01T15:21:13.144Z - GET /auth/me
2025-05-01T15:21:13.154Z - GET /docentes
2025-05-01T15:21:13.163Z - GET /auth/me
2025-05-01T15:21:27.717Z - OPTIONS /auth/login
2025-05-01T15:21:27.722Z - POST /auth/login
2025-05-01T15:21:27.858Z - OPTIONS /horarios
2025-05-01T15:21:27.864Z - OPTIONS /docentes
2025-05-01T15:21:27.866Z - OPTIONS /horarios
2025-05-01T15:21:27.870Z - GET /horarios
2025-05-01T15:21:27.874Z - OPTIONS /docentes
2025-05-01T15:21:27.876Z - GET /docentes
2025-05-01T15:21:27.882Z - GET /horarios
2025-05-01T15:21:27.887Z - GET /docentes
2025-05-01T15:21:31.658Z - GET /docentes
2025-05-01T15:21:31.664Z - GET /docentes
2025-05-01T15:22:07.705Z - OPTIONS /horarios
2025-05-01T15:22:07.708Z - OPTIONS /docentes
2025-05-01T15:22:07.713Z - OPTIONS /docentes
2025-05-01T15:22:07.715Z - OPTIONS /horarios
2025-05-01T15:22:07.719Z - GET /horarios
2025-05-01T15:22:07.725Z - GET /docentes
2025-05-01T15:22:07.733Z - GET /horarios
2025-05-01T15:22:07.737Z - GET /docentes
2025-05-01T15:22:08.167Z - GET /docentes
2025-05-01T15:22:08.173Z - GET /docentes
2025-05-01T15:22:15.707Z - OPTIONS /horarios
2025-05-01T15:22:15.710Z - OPTIONS /docentes
2025-05-01T15:22:15.712Z - OPTIONS /horarios
2025-05-01T15:22:15.714Z - OPTIONS /docentes
2025-05-01T15:22:15.720Z - GET /horarios
2025-05-01T15:22:15.725Z - GET /docentes
2025-05-01T15:22:15.747Z - GET /horarios
2025-05-01T15:22:15.753Z - GET /docentes
2025-05-01T15:22:53.571Z - GET /docentes
2025-05-01T15:22:53.577Z - GET /docentes
2025-05-01T15:25:26.264Z - GET /docentes
2025-05-01T15:25:26.281Z - OPTIONS /auth/me
2025-05-01T15:25:26.288Z - OPTIONS /auth/me
2025-05-01T15:25:26.320Z - GET /auth/me
2025-05-01T15:25:26.331Z - GET /docentes
2025-05-01T15:25:26.341Z - GET /auth/me
2025-05-01T15:32:43.355Z - GET /docentes
2025-05-01T15:32:43.372Z - OPTIONS /auth/me
2025-05-01T15:32:43.380Z - OPTIONS /auth/me
2025-05-01T15:32:43.391Z - GET /auth/me
2025-05-01T15:32:43.403Z - GET /docentes
2025-05-01T15:32:43.420Z - GET /auth/me
2025-05-01T15:33:08.377Z - OPTIONS /docentes
2025-05-01T15:33:08.381Z - POST /docentes
2025-05-01T15:34:01.827Z - GET /docentes
2025-05-01T15:34:01.843Z - OPTIONS /auth/me
2025-05-01T15:34:01.851Z - OPTIONS /auth/me
2025-05-01T15:34:01.858Z - GET /auth/me
2025-05-01T15:34:01.869Z - GET /docentes
2025-05-01T15:34:01.877Z - GET /auth/me
2025-05-01T15:34:22.699Z - OPTIONS /docentes
2025-05-01T15:34:22.702Z - POST /docentes
2025-05-01T15:35:50.683Z - GET /docentes
2025-05-01T15:35:50.700Z - OPTIONS /auth/me
2025-05-01T15:35:50.708Z - OPTIONS /auth/me
2025-05-01T15:35:50.729Z - GET /auth/me
2025-05-01T15:35:50.740Z - GET /docentes
2025-05-01T15:35:50.747Z - GET /auth/me
2025-05-01T18:22:35.855Z - OPTIONS /horarios
2025-05-01T18:22:35.889Z - OPTIONS /docentes
2025-05-01T18:22:35.891Z - OPTIONS /horarios
2025-05-01T18:22:35.893Z - OPTIONS /docentes
2025-05-01T18:22:35.900Z - GET /horarios
2025-05-01T18:22:35.932Z - GET /docentes
2025-05-01T18:22:35.949Z - GET /horarios
2025-05-01T18:22:35.969Z - GET /docentes
2025-05-02T20:44:41.020Z - OPTIONS /auth/me
2025-05-02T20:44:41.033Z - GET /auth/me
2025-05-02T20:44:41.058Z - OPTIONS /auth/me
2025-05-02T20:44:41.069Z - GET /auth/me
2025-05-02T20:44:50.626Z - OPTIONS /auth/login
2025-05-02T20:44:50.628Z - POST /auth/login
2025-05-02T20:44:50.822Z - OPTIONS /horarios
2025-05-02T20:44:50.825Z - OPTIONS /docentes
2025-05-02T20:44:50.828Z - OPTIONS /horarios
2025-05-02T20:44:50.830Z - OPTIONS /docentes
2025-05-02T20:44:50.836Z - GET /horarios
2025-05-02T20:44:50.842Z - GET /docentes
2025-05-02T20:44:50.859Z - GET /horarios
2025-05-02T20:44:50.874Z - GET /docentes
2025-05-02T20:44:54.963Z - GET /docentes
2025-05-02T20:44:54.969Z - GET /docentes
2025-05-02T20:45:19.776Z - OPTIONS /docentes
2025-05-02T20:45:19.779Z - POST /docentes
2025-05-02T20:45:24.779Z - OPTIONS /horarios
2025-05-02T20:45:24.782Z - OPTIONS /horarios
2025-05-02T20:45:24.784Z - GET /docentes
2025-05-02T20:45:24.788Z - GET /horarios
2025-05-02T20:45:24.799Z - GET /docentes
2025-05-02T20:45:24.804Z - GET /horarios
2025-05-05T18:49:01.008Z - OPTIONS /auth/me
2025-05-05T18:49:01.024Z - OPTIONS /auth/me
2025-05-05T18:49:01.027Z - GET /auth/me
2025-05-05T18:49:01.062Z - GET /auth/me
2025-05-05T18:49:13.184Z - OPTIONS /auth/login
2025-05-05T18:49:13.188Z - POST /auth/login
2025-05-05T18:49:13.451Z - OPTIONS /horarios
2025-05-05T18:49:13.456Z - OPTIONS /docentes
2025-05-05T18:49:13.458Z - OPTIONS /horarios
2025-05-05T18:49:13.463Z - OPTIONS /docentes
2025-05-05T18:49:13.465Z - GET /docentes
2025-05-05T18:49:13.471Z - GET /horarios
2025-05-05T18:49:13.495Z - GET /docentes
2025-05-05T18:49:13.504Z - GET /horarios
2025-05-05T18:49:15.168Z - GET /docentes
2025-05-05T18:49:15.174Z - GET /docentes
2025-05-05T18:49:40.583Z - OPTIONS /docentes
2025-05-05T18:49:40.586Z - POST /docentes
2025-05-05T18:49:47.106Z - OPTIONS /horarios
2025-05-05T18:49:47.112Z - OPTIONS /docentes
2025-05-05T18:49:47.113Z - OPTIONS /horarios
2025-05-05T18:49:47.117Z - OPTIONS /docentes
2025-05-05T18:49:47.119Z - GET /horarios
2025-05-05T18:49:47.125Z - GET /docentes
2025-05-05T18:49:47.138Z - GET /horarios
2025-05-05T18:49:47.146Z - GET /docentes
2025-05-06T15:13:05.735Z - OPTIONS /auth/me
2025-05-06T15:13:05.745Z - OPTIONS /auth/me
2025-05-06T15:13:05.750Z - GET /auth/me
2025-05-06T15:13:05.774Z - GET /auth/me
2025-05-06T15:13:12.933Z - OPTIONS /auth/login
2025-05-06T15:13:12.935Z - POST /auth/login
2025-05-06T15:13:13.118Z - OPTIONS /horarios
2025-05-06T15:13:13.121Z - OPTIONS /docentes
2025-05-06T15:13:13.124Z - OPTIONS /horarios
2025-05-06T15:13:13.131Z - OPTIONS /docentes
2025-05-06T15:13:13.133Z - GET /horarios
2025-05-06T15:13:13.139Z - GET /docentes
2025-05-06T15:13:13.157Z - GET /horarios
2025-05-06T15:13:13.176Z - GET /docentes
2025-05-06T15:13:18.085Z - GET /docentes
2025-05-06T15:13:18.089Z - GET /docentes
2025-05-06T15:13:50.353Z - GET /docentes
2025-05-06T15:13:50.363Z - OPTIONS /auth/me
2025-05-06T15:13:50.369Z - GET /docentes
2025-05-06T15:13:50.371Z - OPTIONS /auth/me
2025-05-06T15:13:50.372Z - GET /auth/me
2025-05-06T15:13:50.388Z - GET /auth/me
2025-05-06T15:13:52.459Z - GET /docentes
2025-05-06T15:13:52.467Z - GET /docentes
2025-05-06T15:13:55.025Z - OPTIONS /horarios
2025-05-06T15:13:55.030Z - OPTIONS /docentes
2025-05-06T15:13:55.031Z - OPTIONS /horarios
2025-05-06T15:13:55.032Z - OPTIONS /docentes
2025-05-06T15:13:55.035Z - GET /horarios
2025-05-06T15:13:55.039Z - GET /docentes
2025-05-06T15:13:55.046Z - GET /horarios
2025-05-06T15:13:55.050Z - GET /docentes
2025-05-07T20:24:09.284Z - OPTIONS /auth/me
2025-05-07T20:24:09.319Z - OPTIONS /auth/me
2025-05-07T20:24:09.333Z - GET /auth/me
2025-05-07T20:24:09.362Z - GET /auth/me
2025-05-07T22:15:06.145Z - OPTIONS /auth/login
2025-05-07T22:15:06.153Z - POST /auth/login
2025-05-07T22:15:12.526Z - OPTIONS /auth/login
2025-05-07T22:15:12.532Z - POST /auth/login
2025-05-07T22:15:24.979Z - OPTIONS /auth/login
2025-05-07T22:15:24.983Z - POST /auth/login
2025-05-07T22:15:26.821Z - POST /auth/login
2025-05-07T22:15:26.971Z - OPTIONS /horarios
2025-05-07T22:15:26.979Z - OPTIONS /docentes
2025-05-07T22:15:26.987Z - OPTIONS /horarios
2025-05-07T22:15:26.991Z - OPTIONS /docentes
2025-05-07T22:15:26.995Z - GET /horarios
2025-05-07T22:15:27.013Z - GET /docentes
2025-05-07T22:15:27.040Z - GET /horarios
2025-05-07T22:15:27.056Z - GET /docentes
2025-05-07T22:15:29.916Z - GET /docentes
2025-05-07T22:15:29.922Z - GET /docentes
2025-05-07T22:15:56.884Z - OPTIONS /docentes
2025-05-07T22:15:56.887Z - POST /docentes
2025-05-07T22:16:03.308Z - OPTIONS /horarios
2025-05-07T22:16:03.314Z - OPTIONS /docentes
2025-05-07T22:16:03.316Z - OPTIONS /horarios
2025-05-07T22:16:03.318Z - OPTIONS /docentes
2025-05-07T22:16:03.320Z - GET /horarios
2025-05-07T22:16:03.327Z - GET /docentes
2025-05-07T22:16:03.347Z - GET /horarios
2025-05-07T22:16:03.352Z - GET /docentes
2025-05-07T22:21:13.158Z - OPTIONS /horarios
2025-05-07T22:21:13.178Z - OPTIONS /docentes
2025-05-07T22:21:13.182Z - OPTIONS /auth/me
2025-05-07T22:21:13.184Z - OPTIONS /horarios
2025-05-07T22:21:13.187Z - OPTIONS /docentes
2025-05-07T22:21:13.189Z - OPTIONS /auth/me
2025-05-07T22:21:13.192Z - GET /horarios
2025-05-07T22:21:13.220Z - GET /docentes
2025-05-07T22:21:13.224Z - GET /auth/me
2025-05-07T22:21:13.250Z - GET /horarios
2025-05-07T22:21:13.254Z - GET /docentes
2025-05-07T22:21:13.258Z - GET /auth/me
2025-05-07T22:21:18.924Z - GET /docentes
2025-05-07T22:21:18.933Z - GET /docentes
2025-05-07T22:21:25.057Z - OPTIONS /horarios
2025-05-07T22:21:25.060Z - OPTIONS /docentes
2025-05-07T22:21:25.069Z - OPTIONS /docentes
2025-05-07T22:21:25.071Z - OPTIONS /horarios
2025-05-07T22:21:25.076Z - GET /horarios
2025-05-07T22:21:25.087Z - GET /docentes
2025-05-07T22:21:25.094Z - GET /horarios
2025-05-07T22:21:25.099Z - GET /docentes
2025-05-07T22:26:23.334Z - OPTIONS /horarios
2025-05-07T22:26:23.345Z - OPTIONS /docentes
2025-05-07T22:26:23.354Z - OPTIONS /auth/me
2025-05-07T22:26:23.356Z - OPTIONS /horarios
2025-05-07T22:26:23.362Z - OPTIONS /docentes
2025-05-07T22:26:23.364Z - OPTIONS /auth/me
2025-05-07T22:26:23.373Z - GET /horarios
2025-05-07T22:26:23.394Z - GET /docentes
2025-05-07T22:26:23.397Z - GET /auth/me
2025-05-07T22:26:23.428Z - GET /horarios
2025-05-07T22:26:23.433Z - GET /docentes
2025-05-07T22:26:23.435Z - GET /auth/me
